<?xml version="1.0" encoding="UTF-8"?>
<!-- Generated by org.testng.reporters.JUnitReportReporter -->
<testsuite hostname="DESKTOP-5ADPP5F" failures="0" tests="1" name="pojo.OpenChrome" time="6.187" errors="0" timestamp="2022-10-14T11:47:07 IST" skipped="0">
  <testcase classname="pojo.OpenChrome" name="ChromeB" time="6.187"/>
  <system-out/>
</testsuite> <!-- pojo.OpenChrome -->
